[10:56:35] [main/INFO] [REI] Registered plugin provider DefaultPlugin [roughlyenoughitems] for REIPlugin
[10:56:35] [main/INFO] [REI] Registered plugin provider DefaultRuntimePlugin [roughlyenoughitems] for REIPlugin
[10:56:35] [main/INFO] [REI] Registered plugin provider REIPluginServer [tconstruct] for REIPlugin
[10:56:35] [main/INFO] [REI] Registered plugin provider DefaultPlugin [roughlyenoughitems] for REIServerPlugin
[10:56:35] [main/INFO] [REI] Registered plugin provider DefaultRuntimePlugin [roughlyenoughitems] for REIServerPlugin
[10:56:35] [main/INFO] [REI] Registered plugin provider REIPluginServer [tconstruct] for REIServerPlugin
[10:56:35] [main/INFO] [REI] Registered plugin provider FabricFluidAPISupportPlugin for REIServerPlugin
[10:56:35] [main/INFO] [REI] Registered plugin provider FabricFluidAPISupportPlugin for REIPlugin
[10:56:44] [Worker-Main-2/DEBUG] [REI] Processed 2 tags in 2.081 ms for minecraft:game_event
[10:56:44] [Worker-Main-6/DEBUG] [REI] Processed 0 tags in 14.31 μs for minecraft:worldgen/configured_structure_feature
[10:56:44] [Worker-Main-1/DEBUG] [REI] Processed 0 tags in 114.8 μs for minecraft:worldgen/biome
[10:56:45] [Worker-Main-7/DEBUG] [REI] Processed 5 tags in 41.95 μs for minecraft:enchantment
[10:56:45] [Worker-Main-2/DEBUG] [REI] Processed 28 tags in 225.7 μs for minecraft:entity_type
[10:56:45] [Worker-Main-4/DEBUG] [REI] Processed 132 tags in 1.329 ms for minecraft:fluid
[10:56:45] [Worker-Main-3/DEBUG] [REI] Processed 423 tags in 5.969 ms for minecraft:block
[10:56:45] [Worker-Main-7/DEBUG] [REI] Processed 1 tags in 23.78 μs for minecraft:block_entity_type
[10:56:45] [Worker-Main-6/DEBUG] [REI] Processed 907 tags in 6.886 ms for minecraft:item
[10:56:52] [Worker-Main-3/TRACE] [REI] [START] Reloading Section: "pre-register/"
[10:56:52] [Worker-Main-3/TRACE] [REI] [START] Reloading Section: "pre-register/DefaultPlugin [roughlyenoughitems]/"
[10:56:52] [Worker-Main-3/TRACE] [REI] [START] Reloading Section: "pre-register/DefaultPlugin [roughlyenoughitems]/" done in 1.428 ms
[10:56:52] [Worker-Main-3/TRACE] [REI] [START] Reloading Section: "pre-register/FabricFluidAPISupportPlugin/"
[10:56:52] [Worker-Main-3/TRACE] [REI] [START] Reloading Section: "pre-register/FabricFluidAPISupportPlugin/" done in 10.99 μs
[10:56:52] [Worker-Main-3/TRACE] [REI] [START] Reloading Section: "pre-register/REIPluginServer [tconstruct]/"
[10:56:52] [Worker-Main-3/TRACE] [REI] [START] Reloading Section: "pre-register/REIPluginServer [tconstruct]/" done in 19.98 μs
[10:56:52] [Worker-Main-3/TRACE] [REI] [START] Reloading Section: "pre-register/DefaultRuntimePlugin [roughlyenoughitems]/"
[10:56:52] [Worker-Main-3/TRACE] [REI] [START] Reloading Section: "pre-register/DefaultRuntimePlugin [roughlyenoughitems]/" done in 8.631 μs
[10:56:52] [Worker-Main-3/TRACE] [REI] [START] Reloading Section: "pre-register/" done in 11.01 ms
[10:56:52] [Worker-Main-3/TRACE] [REI] [START] Reloading Section: "pre-register/"
[10:56:52] [Worker-Main-3/TRACE] [REI] [START] Reloading Section: "pre-register/DefaultPlugin [roughlyenoughitems]/"
[10:56:52] [Worker-Main-3/TRACE] [REI] [START] Reloading Section: "pre-register/DefaultPlugin [roughlyenoughitems]/" done in 9.692 μs
[10:56:52] [Worker-Main-3/TRACE] [REI] [START] Reloading Section: "pre-register/FabricFluidAPISupportPlugin/"
[10:56:52] [Worker-Main-3/TRACE] [REI] [START] Reloading Section: "pre-register/FabricFluidAPISupportPlugin/" done in 8.014 μs
[10:56:52] [Worker-Main-3/TRACE] [REI] [START] Reloading Section: "pre-register/REIPluginServer [tconstruct]/"
[10:56:52] [Worker-Main-3/TRACE] [REI] [START] Reloading Section: "pre-register/REIPluginServer [tconstruct]/" done in 8.904 μs
[10:56:52] [Worker-Main-3/TRACE] [REI] [START] Reloading Section: "pre-register/DefaultRuntimePlugin [roughlyenoughitems]/"
[10:56:52] [Worker-Main-3/TRACE] [REI] [START] Reloading Section: "pre-register/DefaultRuntimePlugin [roughlyenoughitems]/" done in 8.583 μs
[10:56:52] [Worker-Main-3/TRACE] [REI] [START] Reloading Section: "pre-register/" done in 551.5 μs
[10:56:52] [Worker-Main-3/TRACE] [REI] [START] Reloading Section: "start-reload/"
[10:56:52] [Worker-Main-3/TRACE] [REI] [START] Reloading Section: "start-reload/EntryTypeRegistryImpl/"
[10:56:52] [Worker-Main-3/TRACE] [REI] [START] Reloading Section: "start-reload/EntryTypeRegistryImpl/" done in 200.6 μs
[10:56:52] [Worker-Main-3/TRACE] [REI] [START] Reloading Section: "start-reload/EntrySettingsAdapterRegistryImpl/"
[10:56:52] [Worker-Main-3/TRACE] [REI] [START] Reloading Section: "start-reload/EntrySettingsAdapterRegistryImpl/" done in 19.32 μs
[10:56:52] [Worker-Main-3/TRACE] [REI] [START] Reloading Section: "start-reload/RecipeManagerContextImpl/"
[10:56:52] [Worker-Main-3/TRACE] [REI] [START] Reloading Section: "start-reload/RecipeManagerContextImpl/" done in 6.616 μs
[10:56:52] [Worker-Main-3/TRACE] [REI] [START] Reloading Section: "start-reload/ItemComparatorRegistryImpl/"
[10:56:52] [Worker-Main-3/TRACE] [REI] [START] Reloading Section: "start-reload/ItemComparatorRegistryImpl/" done in 20.03 μs
[10:56:52] [Worker-Main-3/TRACE] [REI] [START] Reloading Section: "start-reload/FluidComparatorRegistryImpl/"
[10:56:52] [Worker-Main-3/TRACE] [REI] [START] Reloading Section: "start-reload/FluidComparatorRegistryImpl/" done in 8.016 μs
[10:56:52] [Worker-Main-3/TRACE] [REI] [START] Reloading Section: "start-reload/DisplaySerializerRegistryImpl/"
[10:56:52] [Worker-Main-3/TRACE] [REI] [START] Reloading Section: "start-reload/DisplaySerializerRegistryImpl/" done in 6.309 μs
[10:56:52] [Worker-Main-3/TRACE] [REI] [START] Reloading Section: "start-reload/FluidSupportProviderImpl/"
[10:56:52] [Worker-Main-3/TRACE] [REI] [START] Reloading Section: "start-reload/FluidSupportProviderImpl/" done in 15.73 μs
[10:56:52] [Worker-Main-3/TRACE] [REI] [START] Reloading Section: "start-reload/" done in 1.122 ms
[10:56:52] [Worker-Main-3/INFO] [REI] Reloading Plugin Manager [REIPlugin] stage [START], registered 4 plugins: DefaultRuntimePlugin [roughlyenoughitems], REIPluginServer [tconstruct], FabricFluidAPISupportPlugin, DefaultPlugin [roughlyenoughitems]
[10:56:52] [Worker-Main-3/TRACE] [REI] [START] Reloading Section: "reloadable-plugin/EntryTypeRegistryImpl/"
[10:56:52] [Worker-Main-3/TRACE] [REI] [START] Reloading Section: "reloadable-plugin/EntryTypeRegistryImpl/DefaultPlugin [roughlyenoughitems]/"
[10:56:52] [Worker-Main-3/TRACE] [REI] [START] Reloading Section: "reloadable-plugin/EntryTypeRegistryImpl/DefaultPlugin [roughlyenoughitems]/" done in 174.9 μs
[10:56:52] [Worker-Main-3/TRACE] [REI] [START] Reloading Section: "reloadable-plugin/EntryTypeRegistryImpl/FabricFluidAPISupportPlugin/"
[10:56:52] [Worker-Main-3/TRACE] [REI] [START] Reloading Section: "reloadable-plugin/EntryTypeRegistryImpl/FabricFluidAPISupportPlugin/" done in 25.99 μs
[10:56:52] [Worker-Main-3/TRACE] [REI] [START] Reloading Section: "reloadable-plugin/EntryTypeRegistryImpl/REIPluginServer [tconstruct]/"
[10:56:52] [Worker-Main-3/TRACE] [REI] [START] Reloading Section: "reloadable-plugin/EntryTypeRegistryImpl/REIPluginServer [tconstruct]/" done in 18.73 μs
[10:56:52] [Worker-Main-3/TRACE] [REI] [START] Reloading Section: "reloadable-plugin/EntryTypeRegistryImpl/DefaultRuntimePlugin [roughlyenoughitems]/"
[10:56:52] [Worker-Main-3/TRACE] [REI] [START] Reloading Section: "reloadable-plugin/EntryTypeRegistryImpl/DefaultRuntimePlugin [roughlyenoughitems]/" done in 7.680 ms
[10:56:52] [Worker-Main-3/TRACE] [REI] [START] Reloading Section: "reloadable-plugin/EntryTypeRegistryImpl/" done in 9.012 ms
[10:56:52] [Worker-Main-3/TRACE] [REI] [START] Reloading Section: "reloadable-plugin/EntrySettingsAdapterRegistryImpl/"
[10:56:52] [Worker-Main-3/TRACE] [REI] [START] Reloading Section: "reloadable-plugin/EntrySettingsAdapterRegistryImpl/DefaultPlugin [roughlyenoughitems]/"
[10:56:52] [Worker-Main-3/TRACE] [REI] [START] Reloading Section: "reloadable-plugin/EntrySettingsAdapterRegistryImpl/DefaultPlugin [roughlyenoughitems]/" done in 12.24 μs
[10:56:52] [Worker-Main-3/TRACE] [REI] [START] Reloading Section: "reloadable-plugin/EntrySettingsAdapterRegistryImpl/FabricFluidAPISupportPlugin/"
[10:56:52] [Worker-Main-3/TRACE] [REI] [START] Reloading Section: "reloadable-plugin/EntrySettingsAdapterRegistryImpl/FabricFluidAPISupportPlugin/" done in 11.62 μs
[10:56:52] [Worker-Main-3/TRACE] [REI] [START] Reloading Section: "reloadable-plugin/EntrySettingsAdapterRegistryImpl/REIPluginServer [tconstruct]/"
[10:56:52] [Worker-Main-3/TRACE] [REI] [START] Reloading Section: "reloadable-plugin/EntrySettingsAdapterRegistryImpl/REIPluginServer [tconstruct]/" done in 11.33 μs
[10:56:52] [Worker-Main-3/TRACE] [REI] [START] Reloading Section: "reloadable-plugin/EntrySettingsAdapterRegistryImpl/DefaultRuntimePlugin [roughlyenoughitems]/"
[10:56:52] [Worker-Main-3/TRACE] [REI] [START] Reloading Section: "reloadable-plugin/EntrySettingsAdapterRegistryImpl/DefaultRuntimePlugin [roughlyenoughitems]/" done in 9.838 μs
[10:56:52] [Worker-Main-3/TRACE] [REI] [START] Reloading Section: "reloadable-plugin/EntrySettingsAdapterRegistryImpl/" done in 475.4 μs
[10:56:52] [Worker-Main-3/TRACE] [REI] [START] Reloading Section: "reloadable-plugin/RecipeManagerContextImpl/"
[10:56:52] [Worker-Main-3/TRACE] [REI] [START] Reloading Section: "reloadable-plugin/RecipeManagerContextImpl/DefaultPlugin [roughlyenoughitems]/"
[10:56:52] [Worker-Main-3/TRACE] [REI] [START] Reloading Section: "reloadable-plugin/RecipeManagerContextImpl/DefaultPlugin [roughlyenoughitems]/" done in 9.233 μs
[10:56:52] [Worker-Main-3/TRACE] [REI] [START] Reloading Section: "reloadable-plugin/RecipeManagerContextImpl/FabricFluidAPISupportPlugin/"
[10:56:52] [Worker-Main-3/TRACE] [REI] [START] Reloading Section: "reloadable-plugin/RecipeManagerContextImpl/FabricFluidAPISupportPlugin/" done in 9.231 μs
[10:56:52] [Worker-Main-3/TRACE] [REI] [START] Reloading Section: "reloadable-plugin/RecipeManagerContextImpl/REIPluginServer [tconstruct]/"
[10:56:52] [Worker-Main-3/TRACE] [REI] [START] Reloading Section: "reloadable-plugin/RecipeManagerContextImpl/REIPluginServer [tconstruct]/" done in 10.38 μs
[10:56:52] [Worker-Main-3/TRACE] [REI] [START] Reloading Section: "reloadable-plugin/RecipeManagerContextImpl/DefaultRuntimePlugin [roughlyenoughitems]/"
[10:56:52] [Worker-Main-3/TRACE] [REI] [START] Reloading Section: "reloadable-plugin/RecipeManagerContextImpl/DefaultRuntimePlugin [roughlyenoughitems]/" done in 9.707 μs
[10:56:52] [Worker-Main-3/TRACE] [REI] [START] Reloading Section: "reloadable-plugin/RecipeManagerContextImpl/" done in 429.6 μs
[10:56:52] [Worker-Main-3/TRACE] [REI] [START] Reloading Section: "reloadable-plugin/ItemComparatorRegistryImpl/"
[10:56:52] [Worker-Main-3/TRACE] [REI] [START] Reloading Section: "reloadable-plugin/ItemComparatorRegistryImpl/DefaultPlugin [roughlyenoughitems]/"
[10:56:52] [Worker-Main-3/TRACE] [REI] [START] Reloading Section: "reloadable-plugin/ItemComparatorRegistryImpl/DefaultPlugin [roughlyenoughitems]/" done in 578.3 μs
[10:56:52] [Worker-Main-3/TRACE] [REI] [START] Reloading Section: "reloadable-plugin/ItemComparatorRegistryImpl/FabricFluidAPISupportPlugin/"
[10:56:52] [Worker-Main-3/TRACE] [REI] [START] Reloading Section: "reloadable-plugin/ItemComparatorRegistryImpl/FabricFluidAPISupportPlugin/" done in 12.79 μs
[10:56:52] [Worker-Main-3/TRACE] [REI] [START] Reloading Section: "reloadable-plugin/ItemComparatorRegistryImpl/REIPluginServer [tconstruct]/"
[10:56:52] [Worker-Main-3/TRACE] [REI] [START] Reloading Section: "reloadable-plugin/ItemComparatorRegistryImpl/REIPluginServer [tconstruct]/" done in 11.81 μs
[10:56:52] [Worker-Main-3/TRACE] [REI] [START] Reloading Section: "reloadable-plugin/ItemComparatorRegistryImpl/DefaultRuntimePlugin [roughlyenoughitems]/"
[10:56:52] [Worker-Main-3/TRACE] [REI] [START] Reloading Section: "reloadable-plugin/ItemComparatorRegistryImpl/DefaultRuntimePlugin [roughlyenoughitems]/" done in 10.15 μs
[10:56:52] [Worker-Main-3/TRACE] [REI] [START] Reloading Section: "reloadable-plugin/ItemComparatorRegistryImpl/" done in 1.043 ms
[10:56:52] [Worker-Main-3/TRACE] [REI] [START] Reloading Section: "reloadable-plugin/FluidComparatorRegistryImpl/"
[10:56:52] [Worker-Main-3/TRACE] [REI] [START] Reloading Section: "reloadable-plugin/FluidComparatorRegistryImpl/DefaultPlugin [roughlyenoughitems]/"
[10:56:52] [Worker-Main-3/TRACE] [REI] [START] Reloading Section: "reloadable-plugin/FluidComparatorRegistryImpl/DefaultPlugin [roughlyenoughitems]/" done in 16.37 μs
[10:56:52] [Worker-Main-3/TRACE] [REI] [START] Reloading Section: "reloadable-plugin/FluidComparatorRegistryImpl/FabricFluidAPISupportPlugin/"
[10:56:52] [Worker-Main-3/TRACE] [REI] [START] Reloading Section: "reloadable-plugin/FluidComparatorRegistryImpl/FabricFluidAPISupportPlugin/" done in 9.703 μs
[10:56:52] [Worker-Main-3/TRACE] [REI] [START] Reloading Section: "reloadable-plugin/FluidComparatorRegistryImpl/REIPluginServer [tconstruct]/"
[10:56:52] [Worker-Main-3/TRACE] [REI] [START] Reloading Section: "reloadable-plugin/FluidComparatorRegistryImpl/REIPluginServer [tconstruct]/" done in 12.96 μs
[10:56:52] [Worker-Main-3/TRACE] [REI] [START] Reloading Section: "reloadable-plugin/FluidComparatorRegistryImpl/DefaultRuntimePlugin [roughlyenoughitems]/"
[10:56:52] [Worker-Main-3/TRACE] [REI] [START] Reloading Section: "reloadable-plugin/FluidComparatorRegistryImpl/DefaultRuntimePlugin [roughlyenoughitems]/" done in 9.513 μs
[10:56:52] [Worker-Main-3/TRACE] [REI] [START] Reloading Section: "reloadable-plugin/FluidComparatorRegistryImpl/" done in 536.2 μs
[10:56:52] [Worker-Main-3/TRACE] [REI] [START] Reloading Section: "reloadable-plugin/DisplaySerializerRegistryImpl/"
[10:56:52] [Worker-Main-3/TRACE] [REI] [START] Reloading Section: "reloadable-plugin/DisplaySerializerRegistryImpl/DefaultPlugin [roughlyenoughitems]/"
[10:56:52] [Worker-Main-3/TRACE] [REI] [START] Reloading Section: "reloadable-plugin/DisplaySerializerRegistryImpl/DefaultPlugin [roughlyenoughitems]/" done in 8.976 μs
[10:56:52] [Worker-Main-3/TRACE] [REI] [START] Reloading Section: "reloadable-plugin/DisplaySerializerRegistryImpl/FabricFluidAPISupportPlugin/"
[10:56:52] [Worker-Main-3/TRACE] [REI] [START] Reloading Section: "reloadable-plugin/DisplaySerializerRegistryImpl/FabricFluidAPISupportPlugin/" done in 8.994 μs
[10:56:52] [Worker-Main-3/TRACE] [REI] [START] Reloading Section: "reloadable-plugin/DisplaySerializerRegistryImpl/REIPluginServer [tconstruct]/"
[10:56:52] [Worker-Main-3/TRACE] [REI] [START] Reloading Section: "reloadable-plugin/DisplaySerializerRegistryImpl/REIPluginServer [tconstruct]/" done in 9.638 μs
[10:56:52] [Worker-Main-3/TRACE] [REI] [START] Reloading Section: "reloadable-plugin/DisplaySerializerRegistryImpl/DefaultRuntimePlugin [roughlyenoughitems]/"
[10:56:52] [Worker-Main-3/TRACE] [REI] [START] Reloading Section: "reloadable-plugin/DisplaySerializerRegistryImpl/DefaultRuntimePlugin [roughlyenoughitems]/" done in 9.198 μs
[10:56:52] [Worker-Main-3/TRACE] [REI] [START] Reloading Section: "reloadable-plugin/DisplaySerializerRegistryImpl/" done in 425.3 μs
[10:56:52] [Worker-Main-3/TRACE] [REI] [START] Reloading Section: "reloadable-plugin/FluidSupportProviderImpl/"
[10:56:52] [Worker-Main-3/TRACE] [REI] [START] Reloading Section: "reloadable-plugin/FluidSupportProviderImpl/DefaultPlugin [roughlyenoughitems]/"
[10:56:52] [Worker-Main-3/TRACE] [REI] [START] Reloading Section: "reloadable-plugin/FluidSupportProviderImpl/DefaultPlugin [roughlyenoughitems]/" done in 625.1 μs
[10:56:52] [Worker-Main-3/TRACE] [REI] [START] Reloading Section: "reloadable-plugin/FluidSupportProviderImpl/FabricFluidAPISupportPlugin/"
[10:56:52] [Worker-Main-3/TRACE] [REI] [START] Reloading Section: "reloadable-plugin/FluidSupportProviderImpl/FabricFluidAPISupportPlugin/" done in 165.5 μs
[10:56:52] [Worker-Main-3/TRACE] [REI] [START] Reloading Section: "reloadable-plugin/FluidSupportProviderImpl/REIPluginServer [tconstruct]/"
[10:56:52] [Worker-Main-3/TRACE] [REI] [START] Reloading Section: "reloadable-plugin/FluidSupportProviderImpl/REIPluginServer [tconstruct]/" done in 14.36 μs
[10:56:52] [Worker-Main-3/TRACE] [REI] [START] Reloading Section: "reloadable-plugin/FluidSupportProviderImpl/DefaultRuntimePlugin [roughlyenoughitems]/"
[10:56:52] [Worker-Main-3/TRACE] [REI] [START] Reloading Section: "reloadable-plugin/FluidSupportProviderImpl/DefaultRuntimePlugin [roughlyenoughitems]/" done in 9.862 μs
[10:56:52] [Worker-Main-3/TRACE] [REI] [START] Reloading Section: "reloadable-plugin/FluidSupportProviderImpl/" done in 1.268 ms
[10:56:52] [Worker-Main-3/TRACE] [REI] [START] Reloading Section: "end-reload/"
[10:56:52] [Worker-Main-3/TRACE] [REI] [START] Reloading Section: "end-reload/EntryTypeRegistryImpl/"
[10:56:52] [Worker-Main-3/TRACE] [REI] [START] Reloading Section: "end-reload/EntryTypeRegistryImpl/" done in 15.12 μs
[10:56:52] [Worker-Main-3/TRACE] [REI] [START] Reloading Section: "end-reload/EntrySettingsAdapterRegistryImpl/"
[10:56:52] [Worker-Main-3/TRACE] [REI] [START] Reloading Section: "end-reload/EntrySettingsAdapterRegistryImpl/" done in 6.334 μs
[10:56:52] [Worker-Main-3/TRACE] [REI] [START] Reloading Section: "end-reload/RecipeManagerContextImpl/"
[10:56:52] [Worker-Main-3/TRACE] [REI] [START] Reloading Section: "end-reload/RecipeManagerContextImpl/" done in 5.908 μs
[10:56:52] [Worker-Main-3/TRACE] [REI] [START] Reloading Section: "end-reload/ItemComparatorRegistryImpl/"
[10:56:52] [Worker-Main-3/TRACE] [REI] [START] Reloading Section: "end-reload/ItemComparatorRegistryImpl/" done in 6.116 μs
[10:56:52] [Worker-Main-3/TRACE] [REI] [START] Reloading Section: "end-reload/FluidComparatorRegistryImpl/"
[10:56:52] [Worker-Main-3/TRACE] [REI] [START] Reloading Section: "end-reload/FluidComparatorRegistryImpl/" done in 5.639 μs
[10:56:52] [Worker-Main-3/TRACE] [REI] [START] Reloading Section: "end-reload/DisplaySerializerRegistryImpl/"
[10:56:52] [Worker-Main-3/TRACE] [REI] [START] Reloading Section: "end-reload/DisplaySerializerRegistryImpl/" done in 5.704 μs
[10:56:52] [Worker-Main-3/TRACE] [REI] [START] Reloading Section: "end-reload/FluidSupportProviderImpl/"
[10:56:52] [Worker-Main-3/TRACE] [REI] [START] Reloading Section: "end-reload/FluidSupportProviderImpl/" done in 5.879 μs
[10:56:52] [Worker-Main-3/TRACE] [REI] [START] Reloading Section: "end-reload/" done in 855.1 μs
[10:56:52] [Worker-Main-3/TRACE] [REI] [START] Reloading Section: "start-reload/"
[10:56:52] [Worker-Main-3/TRACE] [REI] [START] Reloading Section: "start-reload/MenuInfoRegistryImpl/"
[10:56:52] [Worker-Main-3/TRACE] [REI] [START] Reloading Section: "start-reload/MenuInfoRegistryImpl/" done in 7.378 μs
[10:56:52] [Worker-Main-3/TRACE] [REI] [START] Reloading Section: "start-reload/" done in 94.03 μs
[10:56:52] [Worker-Main-3/INFO] [REI] Reloading Plugin Manager [REIServerPlugin] stage [START], registered 4 plugins: DefaultRuntimePlugin [roughlyenoughitems], REIPluginServer [tconstruct], FabricFluidAPISupportPlugin, DefaultPlugin [roughlyenoughitems]
[10:56:52] [Worker-Main-3/TRACE] [REI] [START] Reloading Section: "reloadable-plugin/MenuInfoRegistryImpl/"
[10:56:52] [Worker-Main-3/TRACE] [REI] [START] Reloading Section: "reloadable-plugin/MenuInfoRegistryImpl/DefaultPlugin [roughlyenoughitems]/"
[10:56:52] [Worker-Main-3/TRACE] [REI] [START] Reloading Section: "reloadable-plugin/MenuInfoRegistryImpl/DefaultPlugin [roughlyenoughitems]/" done in 10.29 μs
[10:56:52] [Worker-Main-3/TRACE] [REI] [START] Reloading Section: "reloadable-plugin/MenuInfoRegistryImpl/FabricFluidAPISupportPlugin/"
[10:56:52] [Worker-Main-3/TRACE] [REI] [START] Reloading Section: "reloadable-plugin/MenuInfoRegistryImpl/FabricFluidAPISupportPlugin/" done in 8.820 μs
[10:56:52] [Worker-Main-3/TRACE] [REI] [START] Reloading Section: "reloadable-plugin/MenuInfoRegistryImpl/REIPluginServer [tconstruct]/"
[10:56:52] [Worker-Main-3/TRACE] [REI] [START] Reloading Section: "reloadable-plugin/MenuInfoRegistryImpl/REIPluginServer [tconstruct]/" done in 8.138 μs
[10:56:52] [Worker-Main-3/TRACE] [REI] [START] Reloading Section: "reloadable-plugin/MenuInfoRegistryImpl/DefaultRuntimePlugin [roughlyenoughitems]/"
[10:56:52] [Worker-Main-3/TRACE] [REI] [START] Reloading Section: "reloadable-plugin/MenuInfoRegistryImpl/DefaultRuntimePlugin [roughlyenoughitems]/" done in 8.464 μs
[10:56:52] [Worker-Main-3/TRACE] [REI] [START] Reloading Section: "reloadable-plugin/MenuInfoRegistryImpl/" done in 481.1 μs
[10:56:52] [Worker-Main-3/TRACE] [REI] [START] Reloading Section: "end-reload/"
[10:56:52] [Worker-Main-3/TRACE] [REI] [START] Reloading Section: "end-reload/MenuInfoRegistryImpl/"
[10:56:52] [Worker-Main-3/TRACE] [REI] [START] Reloading Section: "end-reload/MenuInfoRegistryImpl/" done in 6.839 μs
[10:56:52] [Worker-Main-3/TRACE] [REI] [START] Reloading Section: "end-reload/" done in 90.21 μs
[10:56:52] [Worker-Main-3/TRACE] [REI] [START] Reloading Section: "post-register/"
[10:56:52] [Worker-Main-3/TRACE] [REI] [START] Reloading Section: "post-register/DefaultPlugin [roughlyenoughitems]/"
[10:56:52] [Worker-Main-3/TRACE] [REI] [START] Reloading Section: "post-register/DefaultPlugin [roughlyenoughitems]/" done in 130.8 μs
[10:56:52] [Worker-Main-3/TRACE] [REI] [START] Reloading Section: "post-register/FabricFluidAPISupportPlugin/"
[10:56:52] [Worker-Main-3/TRACE] [REI] [START] Reloading Section: "post-register/FabricFluidAPISupportPlugin/" done in 7.624 μs
[10:56:52] [Worker-Main-3/TRACE] [REI] [START] Reloading Section: "post-register/REIPluginServer [tconstruct]/"
[10:56:52] [Worker-Main-3/TRACE] [REI] [START] Reloading Section: "post-register/REIPluginServer [tconstruct]/" done in 7.942 μs
[10:56:52] [Worker-Main-3/TRACE] [REI] [START] Reloading Section: "post-register/DefaultRuntimePlugin [roughlyenoughitems]/"
[10:56:52] [Worker-Main-3/TRACE] [REI] [START] Reloading Section: "post-register/DefaultRuntimePlugin [roughlyenoughitems]/" done in 7.266 μs
[10:56:52] [Worker-Main-3/TRACE] [REI] [START] Reloading Section: "post-register/" done in 763.5 μs
[10:56:52] [Worker-Main-3/INFO] [REI] Reloaded Plugin Manager [REIPlugin] with 4 plugins in 34.60 ms.
[10:56:52] [Worker-Main-3/TRACE] [REI] [START] Reloading Section: "post-register/"
[10:56:52] [Worker-Main-3/TRACE] [REI] [START] Reloading Section: "post-register/DefaultPlugin [roughlyenoughitems]/"
[10:56:52] [Worker-Main-3/TRACE] [REI] [START] Reloading Section: "post-register/DefaultPlugin [roughlyenoughitems]/" done in 8.828 μs
[10:56:52] [Worker-Main-3/TRACE] [REI] [START] Reloading Section: "post-register/FabricFluidAPISupportPlugin/"
[10:56:52] [Worker-Main-3/TRACE] [REI] [START] Reloading Section: "post-register/FabricFluidAPISupportPlugin/" done in 8.333 μs
[10:56:52] [Worker-Main-3/TRACE] [REI] [START] Reloading Section: "post-register/REIPluginServer [tconstruct]/"
[10:56:52] [Worker-Main-3/TRACE] [REI] [START] Reloading Section: "post-register/REIPluginServer [tconstruct]/" done in 7.187 μs
[10:56:52] [Worker-Main-3/TRACE] [REI] [START] Reloading Section: "post-register/DefaultRuntimePlugin [roughlyenoughitems]/"
[10:56:52] [Worker-Main-3/TRACE] [REI] [START] Reloading Section: "post-register/DefaultRuntimePlugin [roughlyenoughitems]/" done in 7.042 μs
[10:56:52] [Worker-Main-3/TRACE] [REI] [START] Reloading Section: "post-register/" done in 396.1 μs
[10:56:52] [Worker-Main-3/INFO] [REI] Reloaded Plugin Manager [REIServerPlugin] with 4 plugins in 2.537 ms.
[10:56:52] [Worker-Main-3/TRACE] [REI] [END] Reloading Section: "pre-register/"
[10:56:52] [Worker-Main-3/TRACE] [REI] [END] Reloading Section: "pre-register/DefaultPlugin [roughlyenoughitems]/"
[10:56:52] [Worker-Main-3/TRACE] [REI] [END] Reloading Section: "pre-register/DefaultPlugin [roughlyenoughitems]/" done in 8.554 μs
[10:56:52] [Worker-Main-3/TRACE] [REI] [END] Reloading Section: "pre-register/FabricFluidAPISupportPlugin/"
[10:56:52] [Worker-Main-3/TRACE] [REI] [END] Reloading Section: "pre-register/FabricFluidAPISupportPlugin/" done in 8.076 μs
[10:56:52] [Worker-Main-3/TRACE] [REI] [END] Reloading Section: "pre-register/REIPluginServer [tconstruct]/"
[10:56:52] [Worker-Main-3/TRACE] [REI] [END] Reloading Section: "pre-register/REIPluginServer [tconstruct]/" done in 8.424 μs
[10:56:52] [Worker-Main-3/TRACE] [REI] [END] Reloading Section: "pre-register/DefaultRuntimePlugin [roughlyenoughitems]/"
[10:56:52] [Worker-Main-3/TRACE] [REI] [END] Reloading Section: "pre-register/DefaultRuntimePlugin [roughlyenoughitems]/" done in 7.840 μs
[10:56:52] [Worker-Main-3/TRACE] [REI] [END] Reloading Section: "pre-register/" done in 452.5 μs
[10:56:52] [Worker-Main-3/TRACE] [REI] [END] Reloading Section: "pre-register/"
[10:56:52] [Worker-Main-3/TRACE] [REI] [END] Reloading Section: "pre-register/DefaultPlugin [roughlyenoughitems]/"
[10:56:52] [Worker-Main-3/TRACE] [REI] [END] Reloading Section: "pre-register/DefaultPlugin [roughlyenoughitems]/" done in 7.212 μs
[10:56:52] [Worker-Main-3/TRACE] [REI] [END] Reloading Section: "pre-register/FabricFluidAPISupportPlugin/"
[10:56:52] [Worker-Main-3/TRACE] [REI] [END] Reloading Section: "pre-register/FabricFluidAPISupportPlugin/" done in 6.313 μs
[10:56:52] [Worker-Main-3/TRACE] [REI] [END] Reloading Section: "pre-register/REIPluginServer [tconstruct]/"
[10:56:52] [Worker-Main-3/TRACE] [REI] [END] Reloading Section: "pre-register/REIPluginServer [tconstruct]/" done in 6.451 μs
[10:56:52] [Worker-Main-3/TRACE] [REI] [END] Reloading Section: "pre-register/DefaultRuntimePlugin [roughlyenoughitems]/"
[10:56:52] [Worker-Main-3/TRACE] [REI] [END] Reloading Section: "pre-register/DefaultRuntimePlugin [roughlyenoughitems]/" done in 6.930 μs
[10:56:52] [Worker-Main-3/TRACE] [REI] [END] Reloading Section: "pre-register/" done in 414.8 μs
[10:56:52] [Worker-Main-3/TRACE] [REI] [END] Reloading Section: "start-reload/"
[10:56:52] [Worker-Main-3/TRACE] [REI] [END] Reloading Section: "start-reload/EntryTypeRegistryImpl/"
[10:56:52] [Worker-Main-3/TRACE] [REI] [END] Reloading Section: "start-reload/EntryTypeRegistryImpl/" done in 6.975 μs
[10:56:52] [Worker-Main-3/TRACE] [REI] [END] Reloading Section: "start-reload/EntrySettingsAdapterRegistryImpl/"
[10:56:52] [Worker-Main-3/TRACE] [REI] [END] Reloading Section: "start-reload/EntrySettingsAdapterRegistryImpl/" done in 15.17 μs
[10:56:52] [Worker-Main-3/TRACE] [REI] [END] Reloading Section: "start-reload/RecipeManagerContextImpl/"
[10:56:52] [Worker-Main-3/TRACE] [REI] [END] Reloading Section: "start-reload/RecipeManagerContextImpl/" done in 6.886 μs
[10:56:52] [Worker-Main-3/TRACE] [REI] [END] Reloading Section: "start-reload/ItemComparatorRegistryImpl/"
[10:56:52] [Worker-Main-3/TRACE] [REI] [END] Reloading Section: "start-reload/ItemComparatorRegistryImpl/" done in 5.963 μs
[10:56:52] [Worker-Main-3/TRACE] [REI] [END] Reloading Section: "start-reload/FluidComparatorRegistryImpl/"
[10:56:52] [Worker-Main-3/TRACE] [REI] [END] Reloading Section: "start-reload/FluidComparatorRegistryImpl/" done in 5.215 μs
[10:56:52] [Worker-Main-3/TRACE] [REI] [END] Reloading Section: "start-reload/DisplaySerializerRegistryImpl/"
[10:56:52] [Worker-Main-3/TRACE] [REI] [END] Reloading Section: "start-reload/DisplaySerializerRegistryImpl/" done in 10.49 μs
[10:56:52] [Worker-Main-3/TRACE] [REI] [END] Reloading Section: "start-reload/FluidSupportProviderImpl/"
[10:56:52] [Worker-Main-3/TRACE] [REI] [END] Reloading Section: "start-reload/FluidSupportProviderImpl/" done in 5.403 μs
[10:56:52] [Worker-Main-3/TRACE] [REI] [END] Reloading Section: "start-reload/" done in 622.4 μs
[10:56:52] [Worker-Main-3/INFO] [REI] Reloading Plugin Manager [REIPlugin] stage [END], registered 4 plugins: DefaultRuntimePlugin [roughlyenoughitems], REIPluginServer [tconstruct], FabricFluidAPISupportPlugin, DefaultPlugin [roughlyenoughitems]
[10:56:52] [Worker-Main-3/TRACE] [REI] [END] Reloading Section: "reloadable-plugin/EntryTypeRegistryImpl/"
[10:56:52] [Worker-Main-3/TRACE] [REI] [END] Reloading Section: "reloadable-plugin/EntryTypeRegistryImpl/DefaultPlugin [roughlyenoughitems]/"
[10:56:52] [Worker-Main-3/TRACE] [REI] [END] Reloading Section: "reloadable-plugin/EntryTypeRegistryImpl/DefaultPlugin [roughlyenoughitems]/" done in 14.49 μs
[10:56:52] [Worker-Main-3/TRACE] [REI] [END] Reloading Section: "reloadable-plugin/EntryTypeRegistryImpl/FabricFluidAPISupportPlugin/"
[10:56:52] [Worker-Main-3/TRACE] [REI] [END] Reloading Section: "reloadable-plugin/EntryTypeRegistryImpl/FabricFluidAPISupportPlugin/" done in 9.431 μs
[10:56:52] [Worker-Main-3/TRACE] [REI] [END] Reloading Section: "reloadable-plugin/EntryTypeRegistryImpl/REIPluginServer [tconstruct]/"
[10:56:52] [Worker-Main-3/TRACE] [REI] [END] Reloading Section: "reloadable-plugin/EntryTypeRegistryImpl/REIPluginServer [tconstruct]/" done in 9.896 μs
[10:56:52] [Worker-Main-3/TRACE] [REI] [END] Reloading Section: "reloadable-plugin/EntryTypeRegistryImpl/DefaultRuntimePlugin [roughlyenoughitems]/"
[10:56:52] [Worker-Main-3/TRACE] [REI] [END] Reloading Section: "reloadable-plugin/EntryTypeRegistryImpl/DefaultRuntimePlugin [roughlyenoughitems]/" done in 12.10 μs
[10:56:52] [Worker-Main-3/TRACE] [REI] [END] Reloading Section: "reloadable-plugin/EntryTypeRegistryImpl/" done in 502.4 μs
[10:56:52] [Worker-Main-3/TRACE] [REI] [END] Reloading Section: "reloadable-plugin/EntrySettingsAdapterRegistryImpl/"
[10:56:52] [Worker-Main-3/TRACE] [REI] [END] Reloading Section: "reloadable-plugin/EntrySettingsAdapterRegistryImpl/DefaultPlugin [roughlyenoughitems]/"
[10:56:52] [Worker-Main-3/TRACE] [REI] [END] Reloading Section: "reloadable-plugin/EntrySettingsAdapterRegistryImpl/DefaultPlugin [roughlyenoughitems]/" done in 17.39 μs
[10:56:52] [Worker-Main-3/TRACE] [REI] [END] Reloading Section: "reloadable-plugin/EntrySettingsAdapterRegistryImpl/FabricFluidAPISupportPlugin/"
[10:56:52] [Worker-Main-3/TRACE] [REI] [END] Reloading Section: "reloadable-plugin/EntrySettingsAdapterRegistryImpl/FabricFluidAPISupportPlugin/" done in 9.105 μs
[10:56:52] [Worker-Main-3/TRACE] [REI] [END] Reloading Section: "reloadable-plugin/EntrySettingsAdapterRegistryImpl/REIPluginServer [tconstruct]/"
[10:56:52] [Worker-Main-3/TRACE] [REI] [END] Reloading Section: "reloadable-plugin/EntrySettingsAdapterRegistryImpl/REIPluginServer [tconstruct]/" done in 9.437 μs
[10:56:52] [Worker-Main-3/TRACE] [REI] [END] Reloading Section: "reloadable-plugin/EntrySettingsAdapterRegistryImpl/DefaultRuntimePlugin [roughlyenoughitems]/"
[10:56:52] [Worker-Main-3/TRACE] [REI] [END] Reloading Section: "reloadable-plugin/EntrySettingsAdapterRegistryImpl/DefaultRuntimePlugin [roughlyenoughitems]/" done in 19.69 μs
[10:56:52] [Worker-Main-3/TRACE] [REI] [END] Reloading Section: "reloadable-plugin/EntrySettingsAdapterRegistryImpl/" done in 416.8 μs
[10:56:52] [Worker-Main-3/TRACE] [REI] [END] Reloading Section: "reloadable-plugin/RecipeManagerContextImpl/"
[10:56:52] [Worker-Main-3/TRACE] [REI] [END] Reloading Section: "reloadable-plugin/RecipeManagerContextImpl/DefaultPlugin [roughlyenoughitems]/"
[10:56:52] [Worker-Main-3/TRACE] [REI] [END] Reloading Section: "reloadable-plugin/RecipeManagerContextImpl/DefaultPlugin [roughlyenoughitems]/" done in 16.28 μs
[10:56:52] [Worker-Main-3/TRACE] [REI] [END] Reloading Section: "reloadable-plugin/RecipeManagerContextImpl/FabricFluidAPISupportPlugin/"
[10:56:52] [Worker-Main-3/TRACE] [REI] [END] Reloading Section: "reloadable-plugin/RecipeManagerContextImpl/FabricFluidAPISupportPlugin/" done in 8.766 μs
[10:56:52] [Worker-Main-3/TRACE] [REI] [END] Reloading Section: "reloadable-plugin/RecipeManagerContextImpl/REIPluginServer [tconstruct]/"
[10:56:52] [Worker-Main-3/TRACE] [REI] [END] Reloading Section: "reloadable-plugin/RecipeManagerContextImpl/REIPluginServer [tconstruct]/" done in 16.62 μs
[10:56:52] [Worker-Main-3/TRACE] [REI] [END] Reloading Section: "reloadable-plugin/RecipeManagerContextImpl/DefaultRuntimePlugin [roughlyenoughitems]/"
[10:56:52] [Worker-Main-3/TRACE] [REI] [END] Reloading Section: "reloadable-plugin/RecipeManagerContextImpl/DefaultRuntimePlugin [roughlyenoughitems]/" done in 9.281 μs
[10:56:52] [Worker-Main-3/TRACE] [REI] [END] Reloading Section: "reloadable-plugin/RecipeManagerContextImpl/" done in 382.7 μs
[10:56:52] [Worker-Main-3/TRACE] [REI] [END] Reloading Section: "reloadable-plugin/ItemComparatorRegistryImpl/"
[10:56:52] [Worker-Main-3/TRACE] [REI] [END] Reloading Section: "reloadable-plugin/ItemComparatorRegistryImpl/DefaultPlugin [roughlyenoughitems]/"
[10:56:52] [Worker-Main-3/TRACE] [REI] [END] Reloading Section: "reloadable-plugin/ItemComparatorRegistryImpl/DefaultPlugin [roughlyenoughitems]/" done in 8.152 μs
[10:56:52] [Worker-Main-3/TRACE] [REI] [END] Reloading Section: "reloadable-plugin/ItemComparatorRegistryImpl/FabricFluidAPISupportPlugin/"
[10:56:52] [Worker-Main-3/TRACE] [REI] [END] Reloading Section: "reloadable-plugin/ItemComparatorRegistryImpl/FabricFluidAPISupportPlugin/" done in 8.598 μs
[10:56:52] [Worker-Main-3/TRACE] [REI] [END] Reloading Section: "reloadable-plugin/ItemComparatorRegistryImpl/REIPluginServer [tconstruct]/"
[10:56:52] [Worker-Main-3/TRACE] [REI] [END] Reloading Section: "reloadable-plugin/ItemComparatorRegistryImpl/REIPluginServer [tconstruct]/" done in 9.214 μs
[10:56:52] [Worker-Main-3/TRACE] [REI] [END] Reloading Section: "reloadable-plugin/ItemComparatorRegistryImpl/DefaultRuntimePlugin [roughlyenoughitems]/"
[10:56:52] [Worker-Main-3/TRACE] [REI] [END] Reloading Section: "reloadable-plugin/ItemComparatorRegistryImpl/DefaultRuntimePlugin [roughlyenoughitems]/" done in 8.677 μs
[10:56:52] [Worker-Main-3/TRACE] [REI] [END] Reloading Section: "reloadable-plugin/ItemComparatorRegistryImpl/" done in 385.9 μs
[10:56:52] [Worker-Main-3/TRACE] [REI] [END] Reloading Section: "reloadable-plugin/FluidComparatorRegistryImpl/"
[10:56:52] [Worker-Main-3/TRACE] [REI] [END] Reloading Section: "reloadable-plugin/FluidComparatorRegistryImpl/DefaultPlugin [roughlyenoughitems]/"
[10:56:52] [Worker-Main-3/TRACE] [REI] [END] Reloading Section: "reloadable-plugin/FluidComparatorRegistryImpl/DefaultPlugin [roughlyenoughitems]/" done in 7.772 μs
[10:56:52] [Worker-Main-3/TRACE] [REI] [END] Reloading Section: "reloadable-plugin/FluidComparatorRegistryImpl/FabricFluidAPISupportPlugin/"
[10:56:52] [Worker-Main-3/TRACE] [REI] [END] Reloading Section: "reloadable-plugin/FluidComparatorRegistryImpl/FabricFluidAPISupportPlugin/" done in 8.653 μs
[10:56:52] [Worker-Main-3/TRACE] [REI] [END] Reloading Section: "reloadable-plugin/FluidComparatorRegistryImpl/REIPluginServer [tconstruct]/"
[10:56:52] [Worker-Main-3/TRACE] [REI] [END] Reloading Section: "reloadable-plugin/FluidComparatorRegistryImpl/REIPluginServer [tconstruct]/" done in 8.588 μs
[10:56:52] [Worker-Main-3/TRACE] [REI] [END] Reloading Section: "reloadable-plugin/FluidComparatorRegistryImpl/DefaultRuntimePlugin [roughlyenoughitems]/"
[10:56:52] [Worker-Main-3/TRACE] [REI] [END] Reloading Section: "reloadable-plugin/FluidComparatorRegistryImpl/DefaultRuntimePlugin [roughlyenoughitems]/" done in 8.049 μs
[10:56:52] [Worker-Main-3/TRACE] [REI] [END] Reloading Section: "reloadable-plugin/FluidComparatorRegistryImpl/" done in 331.0 μs
[10:56:52] [Worker-Main-3/TRACE] [REI] [END] Reloading Section: "reloadable-plugin/DisplaySerializerRegistryImpl/"
[10:56:52] [Worker-Main-3/TRACE] [REI] [END] Reloading Section: "reloadable-plugin/DisplaySerializerRegistryImpl/DefaultPlugin [roughlyenoughitems]/"
[10:56:52] [Worker-Main-3/TRACE] [REI] [END] Reloading Section: "reloadable-plugin/DisplaySerializerRegistryImpl/DefaultPlugin [roughlyenoughitems]/" done in 24.43 ms
[10:56:52] [Worker-Main-3/TRACE] [REI] [END] Reloading Section: "reloadable-plugin/DisplaySerializerRegistryImpl/FabricFluidAPISupportPlugin/"
[10:56:52] [Worker-Main-3/TRACE] [REI] [END] Reloading Section: "reloadable-plugin/DisplaySerializerRegistryImpl/FabricFluidAPISupportPlugin/" done in 24.01 μs
[10:56:52] [Worker-Main-3/TRACE] [REI] [END] Reloading Section: "reloadable-plugin/DisplaySerializerRegistryImpl/REIPluginServer [tconstruct]/"
[10:56:52] [Worker-Main-3/TRACE] [REI] [END] Reloading Section: "reloadable-plugin/DisplaySerializerRegistryImpl/REIPluginServer [tconstruct]/" done in 11.25 μs
[10:56:52] [Worker-Main-3/TRACE] [REI] [END] Reloading Section: "reloadable-plugin/DisplaySerializerRegistryImpl/DefaultRuntimePlugin [roughlyenoughitems]/"
[10:56:52] [Worker-Main-3/TRACE] [REI] [END] Reloading Section: "reloadable-plugin/DisplaySerializerRegistryImpl/DefaultRuntimePlugin [roughlyenoughitems]/" done in 10.02 μs
[10:56:52] [Worker-Main-3/TRACE] [REI] [END] Reloading Section: "reloadable-plugin/DisplaySerializerRegistryImpl/" done in 25.00 ms
[10:56:52] [Worker-Main-3/TRACE] [REI] [END] Reloading Section: "reloadable-plugin/FluidSupportProviderImpl/"
[10:56:52] [Worker-Main-3/TRACE] [REI] [END] Reloading Section: "reloadable-plugin/FluidSupportProviderImpl/DefaultPlugin [roughlyenoughitems]/"
[10:56:52] [Worker-Main-3/TRACE] [REI] [END] Reloading Section: "reloadable-plugin/FluidSupportProviderImpl/DefaultPlugin [roughlyenoughitems]/" done in 9.460 μs
[10:56:52] [Worker-Main-3/TRACE] [REI] [END] Reloading Section: "reloadable-plugin/FluidSupportProviderImpl/FabricFluidAPISupportPlugin/"
[10:56:52] [Worker-Main-3/TRACE] [REI] [END] Reloading Section: "reloadable-plugin/FluidSupportProviderImpl/FabricFluidAPISupportPlugin/" done in 8.914 μs
[10:56:52] [Worker-Main-3/TRACE] [REI] [END] Reloading Section: "reloadable-plugin/FluidSupportProviderImpl/REIPluginServer [tconstruct]/"
[10:56:52] [Worker-Main-3/TRACE] [REI] [END] Reloading Section: "reloadable-plugin/FluidSupportProviderImpl/REIPluginServer [tconstruct]/" done in 17.25 μs
[10:56:52] [Worker-Main-3/TRACE] [REI] [END] Reloading Section: "reloadable-plugin/FluidSupportProviderImpl/DefaultRuntimePlugin [roughlyenoughitems]/"
[10:56:52] [Worker-Main-3/TRACE] [REI] [END] Reloading Section: "reloadable-plugin/FluidSupportProviderImpl/DefaultRuntimePlugin [roughlyenoughitems]/" done in 8.700 μs
[10:56:52] [Worker-Main-3/TRACE] [REI] [END] Reloading Section: "reloadable-plugin/FluidSupportProviderImpl/" done in 482.4 μs
[10:56:52] [Worker-Main-3/TRACE] [REI] [END] Reloading Section: "end-reload/"
[10:56:52] [Worker-Main-3/TRACE] [REI] [END] Reloading Section: "end-reload/EntryTypeRegistryImpl/"
[10:56:52] [Worker-Main-3/TRACE] [REI] [END] Reloading Section: "end-reload/EntryTypeRegistryImpl/" done in 5.597 μs
[10:56:52] [Worker-Main-3/TRACE] [REI] [END] Reloading Section: "end-reload/EntrySettingsAdapterRegistryImpl/"
[10:56:52] [Worker-Main-3/TRACE] [REI] [END] Reloading Section: "end-reload/EntrySettingsAdapterRegistryImpl/" done in 5.027 μs
[10:56:52] [Worker-Main-3/TRACE] [REI] [END] Reloading Section: "end-reload/RecipeManagerContextImpl/"
[10:56:52] [Worker-Main-3/TRACE] [REI] [END] Reloading Section: "end-reload/RecipeManagerContextImpl/" done in 4.618 μs
[10:56:52] [Worker-Main-3/TRACE] [REI] [END] Reloading Section: "end-reload/ItemComparatorRegistryImpl/"
[10:56:52] [Worker-Main-3/TRACE] [REI] [END] Reloading Section: "end-reload/ItemComparatorRegistryImpl/" done in 4.880 μs
[10:56:52] [Worker-Main-3/TRACE] [REI] [END] Reloading Section: "end-reload/FluidComparatorRegistryImpl/"
[10:56:52] [Worker-Main-3/TRACE] [REI] [END] Reloading Section: "end-reload/FluidComparatorRegistryImpl/" done in 4.993 μs
[10:56:52] [Worker-Main-3/TRACE] [REI] [END] Reloading Section: "end-reload/DisplaySerializerRegistryImpl/"
[10:56:52] [Worker-Main-3/TRACE] [REI] [END] Reloading Section: "end-reload/DisplaySerializerRegistryImpl/" done in 6.844 μs
[10:56:52] [Worker-Main-3/TRACE] [REI] [END] Reloading Section: "end-reload/FluidSupportProviderImpl/"
[10:56:52] [Worker-Main-3/TRACE] [REI] [END] Reloading Section: "end-reload/FluidSupportProviderImpl/" done in 5.153 μs
[10:56:52] [Worker-Main-3/TRACE] [REI] [END] Reloading Section: "end-reload/" done in 628.1 μs
[10:56:52] [Worker-Main-3/TRACE] [REI] [END] Reloading Section: "start-reload/"
[10:56:52] [Worker-Main-3/TRACE] [REI] [END] Reloading Section: "start-reload/MenuInfoRegistryImpl/"
[10:56:52] [Worker-Main-3/TRACE] [REI] [END] Reloading Section: "start-reload/MenuInfoRegistryImpl/" done in 15.17 μs
[10:56:52] [Worker-Main-3/TRACE] [REI] [END] Reloading Section: "start-reload/" done in 97.90 μs
[10:56:52] [Worker-Main-3/INFO] [REI] Reloading Plugin Manager [REIServerPlugin] stage [END], registered 4 plugins: DefaultRuntimePlugin [roughlyenoughitems], REIPluginServer [tconstruct], FabricFluidAPISupportPlugin, DefaultPlugin [roughlyenoughitems]
[10:56:52] [Worker-Main-3/TRACE] [REI] [END] Reloading Section: "reloadable-plugin/MenuInfoRegistryImpl/"
[10:56:52] [Worker-Main-3/TRACE] [REI] [END] Reloading Section: "reloadable-plugin/MenuInfoRegistryImpl/DefaultPlugin [roughlyenoughitems]/"
[10:56:52] [Worker-Main-3/TRACE] [REI] [END] Reloading Section: "reloadable-plugin/MenuInfoRegistryImpl/DefaultPlugin [roughlyenoughitems]/" done in 4.935 ms
[10:56:52] [Worker-Main-3/TRACE] [REI] [END] Reloading Section: "reloadable-plugin/MenuInfoRegistryImpl/FabricFluidAPISupportPlugin/"
[10:56:52] [Worker-Main-3/TRACE] [REI] [END] Reloading Section: "reloadable-plugin/MenuInfoRegistryImpl/FabricFluidAPISupportPlugin/" done in 13.82 μs
[10:56:52] [Worker-Main-3/TRACE] [REI] [END] Reloading Section: "reloadable-plugin/MenuInfoRegistryImpl/REIPluginServer [tconstruct]/"
[10:56:52] [Worker-Main-3/TRACE] [REI] [END] Reloading Section: "reloadable-plugin/MenuInfoRegistryImpl/REIPluginServer [tconstruct]/" done in 151.6 μs
[10:56:52] [Worker-Main-3/TRACE] [REI] [END] Reloading Section: "reloadable-plugin/MenuInfoRegistryImpl/DefaultRuntimePlugin [roughlyenoughitems]/"
[10:56:52] [Worker-Main-3/TRACE] [REI] [END] Reloading Section: "reloadable-plugin/MenuInfoRegistryImpl/DefaultRuntimePlugin [roughlyenoughitems]/" done in 9.421 μs
[10:56:52] [Worker-Main-3/TRACE] [REI] [END] Reloading Section: "reloadable-plugin/MenuInfoRegistryImpl/" done in 5.624 ms
[10:56:52] [Worker-Main-3/TRACE] [REI] [END] Reloading Section: "end-reload/"
[10:56:52] [Worker-Main-3/TRACE] [REI] [END] Reloading Section: "end-reload/MenuInfoRegistryImpl/"
[10:56:52] [Worker-Main-3/TRACE] [REI] [END] Reloading Section: "end-reload/MenuInfoRegistryImpl/" done in 5.192 μs
[10:56:52] [Worker-Main-3/TRACE] [REI] [END] Reloading Section: "end-reload/" done in 76.60 μs
[10:56:52] [Worker-Main-3/TRACE] [REI] [END] Reloading Section: "post-register/"
[10:56:52] [Worker-Main-3/TRACE] [REI] [END] Reloading Section: "post-register/DefaultPlugin [roughlyenoughitems]/"
[10:56:52] [Worker-Main-3/TRACE] [REI] [END] Reloading Section: "post-register/DefaultPlugin [roughlyenoughitems]/" done in 8.009 μs
[10:56:52] [Worker-Main-3/TRACE] [REI] [END] Reloading Section: "post-register/FabricFluidAPISupportPlugin/"
[10:56:52] [Worker-Main-3/TRACE] [REI] [END] Reloading Section: "post-register/FabricFluidAPISupportPlugin/" done in 7.828 μs
[10:56:52] [Worker-Main-3/TRACE] [REI] [END] Reloading Section: "post-register/REIPluginServer [tconstruct]/"
[10:56:52] [Worker-Main-3/TRACE] [REI] [END] Reloading Section: "post-register/REIPluginServer [tconstruct]/" done in 7.062 μs
[10:56:52] [Worker-Main-3/TRACE] [REI] [END] Reloading Section: "post-register/DefaultRuntimePlugin [roughlyenoughitems]/"
[10:56:52] [Worker-Main-3/TRACE] [REI] [END] Reloading Section: "post-register/DefaultRuntimePlugin [roughlyenoughitems]/" done in 6.231 μs
[10:56:52] [Worker-Main-3/TRACE] [REI] [END] Reloading Section: "post-register/" done in 351.8 μs
[10:56:52] [Worker-Main-3/INFO] [REI] Reloaded Plugin Manager [REIPlugin] with 4 plugins in 30.83 ms.
[10:56:52] [Worker-Main-3/TRACE] [REI] [END] Reloading Section: "post-register/"
[10:56:52] [Worker-Main-3/TRACE] [REI] [END] Reloading Section: "post-register/DefaultPlugin [roughlyenoughitems]/"
[10:56:52] [Worker-Main-3/TRACE] [REI] [END] Reloading Section: "post-register/DefaultPlugin [roughlyenoughitems]/" done in 11.11 μs
[10:56:52] [Worker-Main-3/TRACE] [REI] [END] Reloading Section: "post-register/FabricFluidAPISupportPlugin/"
[10:56:52] [Worker-Main-3/TRACE] [REI] [END] Reloading Section: "post-register/FabricFluidAPISupportPlugin/" done in 7.321 μs
[10:56:52] [Worker-Main-3/TRACE] [REI] [END] Reloading Section: "post-register/REIPluginServer [tconstruct]/"
[10:56:52] [Worker-Main-3/TRACE] [REI] [END] Reloading Section: "post-register/REIPluginServer [tconstruct]/" done in 6.572 μs
[10:56:52] [Worker-Main-3/TRACE] [REI] [END] Reloading Section: "post-register/DefaultRuntimePlugin [roughlyenoughitems]/"
[10:56:52] [Worker-Main-3/TRACE] [REI] [END] Reloading Section: "post-register/DefaultRuntimePlugin [roughlyenoughitems]/" done in 9.802 μs
[10:56:52] [Worker-Main-3/TRACE] [REI] [END] Reloading Section: "post-register/" done in 452.0 μs
[10:56:52] [Worker-Main-3/INFO] [REI] Reloaded Plugin Manager [REIServerPlugin] with 4 plugins in 7.527 ms.
